{"C:\\Users\\HP\\OneDrive\\ProjectSpace\\Capstone-Module-2\\src\\js\\modules\\models\\pokemon.js": {"path":"C:\\Users\\HP\\OneDrive\\ProjectSpace\\Capstone-Module-2\\src\\js\\modules\\models\\pokemon.js","statementMap":{"0":{"start":{"line":3,"column":4},"end":{"line":3,"column":17}},"1":{"start":{"line":4,"column":4},"end":{"line":4,"column":21}},"2":{"start":{"line":5,"column":4},"end":{"line":5,"column":23}},"3":{"start":{"line":6,"column":4},"end":{"line":6,"column":21}},"4":{"start":{"line":7,"column":4},"end":{"line":7,"column":23}},"5":{"start":{"line":10,"column":20},"end":{"line":18,"column":5}},"6":{"start":{"line":11,"column":16},"end":{"line":11,"column":18}},"7":{"start":{"line":12,"column":6},"end":{"line":16,"column":7}},"8":{"start":{"line":13,"column":8},"end":{"line":13,"column":35}},"9":{"start":{"line":15,"column":8},"end":{"line":15,"column":36}},"10":{"start":{"line":17,"column":6},"end":{"line":17,"column":17}}},"fnMap":{"0":{"name":"(anonymous_0)","decl":{"start":{"line":2,"column":2},"end":{"line":2,"column":3}},"loc":{"start":{"line":2,"column":50},"end":{"line":8,"column":3}},"line":2},"1":{"name":"(anonymous_1)","decl":{"start":{"line":10,"column":20},"end":{"line":10,"column":21}},"loc":{"start":{"line":10,"column":26},"end":{"line":18,"column":5}},"line":10}},"branchMap":{"0":{"loc":{"start":{"line":2,"column":37},"end":{"line":2,"column":48}},"type":"default-arg","locations":[{"start":{"line":2,"column":45},"end":{"line":2,"column":48}}],"line":2},"1":{"loc":{"start":{"line":12,"column":6},"end":{"line":16,"column":7}},"type":"if","locations":[{"start":{"line":12,"column":6},"end":{"line":16,"column":7}},{"start":{"line":14,"column":13},"end":{"line":16,"column":7}}],"line":12}},"s":{"0":0,"1":0,"2":0,"3":0,"4":0,"5":0,"6":0,"7":0,"8":0,"9":0,"10":0},"f":{"0":0,"1":0},"b":{"0":[0],"1":[0,0]},"_coverageSchema":"1a1c01bbd47fc00a2c39e90264f33305004495a9","hash":"ce7110d783872f5440e1424df75b2e050b14d181"}
,"C:\\Users\\HP\\OneDrive\\ProjectSpace\\Capstone-Module-2\\src\\js\\modules\\views\\all-items-counter.js": {"path":"C:\\Users\\HP\\OneDrive\\ProjectSpace\\Capstone-Module-2\\src\\js\\modules\\views\\all-items-counter.js","statementMap":{"0":{"start":{"line":2,"column":25},"end":{"line":5,"column":1}},"1":{"start":{"line":3,"column":19},"end":{"line":3,"column":34}},"2":{"start":{"line":4,"column":2},"end":{"line":4,"column":33}}},"fnMap":{"0":{"name":"(anonymous_0)","decl":{"start":{"line":2,"column":25},"end":{"line":2,"column":26}},"loc":{"start":{"line":2,"column":37},"end":{"line":5,"column":1}},"line":2}},"branchMap":{},"s":{"0":1,"1":2,"2":2},"f":{"0":2},"b":{},"_coverageSchema":"1a1c01bbd47fc00a2c39e90264f33305004495a9","hash":"0aa871fa0853385d36b1ba1b1bec06d3b591f405"}
,"C:\\Users\\HP\\OneDrive\\ProjectSpace\\Capstone-Module-2\\src\\js\\modules\\views\\api.js": {"path":"C:\\Users\\HP\\OneDrive\\ProjectSpace\\Capstone-Module-2\\src\\js\\modules\\views\\api.js","statementMap":{"0":{"start":{"line":1,"column":16},"end":{"line":6,"column":1}},"1":{"start":{"line":2,"column":19},"end":{"line":4,"column":24}},"2":{"start":{"line":3,"column":24},"end":{"line":3,"column":39}},"3":{"start":{"line":4,"column":20},"end":{"line":4,"column":23}},"4":{"start":{"line":5,"column":2},"end":{"line":5,"column":18}}},"fnMap":{"0":{"name":"(anonymous_0)","decl":{"start":{"line":1,"column":16},"end":{"line":1,"column":17}},"loc":{"start":{"line":1,"column":28},"end":{"line":6,"column":1}},"line":1},"1":{"name":"(anonymous_1)","decl":{"start":{"line":3,"column":10},"end":{"line":3,"column":11}},"loc":{"start":{"line":3,"column":24},"end":{"line":3,"column":39}},"line":3},"2":{"name":"(anonymous_2)","decl":{"start":{"line":4,"column":11},"end":{"line":4,"column":12}},"loc":{"start":{"line":4,"column":20},"end":{"line":4,"column":23}},"line":4}},"branchMap":{},"s":{"0":1,"1":2,"2":2,"3":0,"4":2},"f":{"0":2,"1":2,"2":0},"b":{},"_coverageSchema":"1a1c01bbd47fc00a2c39e90264f33305004495a9","hash":"46cd9f571fa640d4a7ae4399f56d4519faa281e4"}
,"C:\\Users\\HP\\OneDrive\\ProjectSpace\\Capstone-Module-2\\src\\js\\modules\\views\\home.js": {"path":"C:\\Users\\HP\\OneDrive\\ProjectSpace\\Capstone-Module-2\\src\\js\\modules\\views\\home.js","statementMap":{"0":{"start":{"line":6,"column":16},"end":{"line":6,"column":50}},"1":{"start":{"line":8,"column":18},"end":{"line":14,"column":1}},"2":{"start":{"line":9,"column":14},"end":{"line":9,"column":45}},"3":{"start":{"line":10,"column":2},"end":{"line":10,"column":32}},"4":{"start":{"line":11,"column":2},"end":{"line":11,"column":28}},"5":{"start":{"line":12,"column":2},"end":{"line":12,"column":39}},"6":{"start":{"line":13,"column":2},"end":{"line":13,"column":13}},"7":{"start":{"line":16,"column":20},"end":{"line":40,"column":1}},"8":{"start":{"line":17,"column":19},"end":{"line":17,"column":48}},"9":{"start":{"line":18,"column":20},"end":{"line":18,"column":56}},"10":{"start":{"line":19,"column":2},"end":{"line":19,"column":37}},"11":{"start":{"line":20,"column":19},"end":{"line":20,"column":47}},"12":{"start":{"line":21,"column":16},"end":{"line":21,"column":64}},"13":{"start":{"line":22,"column":28},"end":{"line":22,"column":83}},"14":{"start":{"line":23,"column":19},"end":{"line":23,"column":54}},"15":{"start":{"line":24,"column":2},"end":{"line":24,"column":42}},"16":{"start":{"line":25,"column":2},"end":{"line":25,"column":30}},"17":{"start":{"line":26,"column":2},"end":{"line":26,"column":42}},"18":{"start":{"line":27,"column":23},"end":{"line":27,"column":89}},"19":{"start":{"line":28,"column":17},"end":{"line":28,"column":72}},"20":{"start":{"line":29,"column":2},"end":{"line":30,"column":5}},"21":{"start":{"line":31,"column":19},"end":{"line":31,"column":46}},"22":{"start":{"line":32,"column":24},"end":{"line":32,"column":73}},"23":{"start":{"line":34,"column":19},"end":{"line":34,"column":87}},"24":{"start":{"line":36,"column":2},"end":{"line":38,"column":3}},"25":{"start":{"line":36,"column":15},"end":{"line":36,"column":16}},"26":{"start":{"line":37,"column":4},"end":{"line":37,"column":38}},"27":{"start":{"line":39,"column":2},"end":{"line":39,"column":18}},"28":{"start":{"line":41,"column":28},"end":{"line":43,"column":1}},"29":{"start":{"line":42,"column":2},"end":{"line":42,"column":72}},"30":{"start":{"line":44,"column":23},"end":{"line":83,"column":1}},"31":{"start":{"line":45,"column":15},"end":{"line":45,"column":44}},"32":{"start":{"line":46,"column":14},"end":{"line":46,"column":16}},"33":{"start":{"line":48,"column":2},"end":{"line":81,"column":7}},"34":{"start":{"line":49,"column":4},"end":{"line":49,"column":14}},"35":{"start":{"line":51,"column":16},"end":{"line":51,"column":33}},"36":{"start":{"line":53,"column":6},"end":{"line":53,"column":18}},"37":{"start":{"line":54,"column":6},"end":{"line":54,"column":23}},"38":{"start":{"line":56,"column":21},"end":{"line":56,"column":32}},"39":{"start":{"line":57,"column":6},"end":{"line":80,"column":9}},"40":{"start":{"line":58,"column":8},"end":{"line":78,"column":13}},"41":{"start":{"line":59,"column":25},"end":{"line":59,"column":35}},"42":{"start":{"line":61,"column":31},"end":{"line":61,"column":32}},"43":{"start":{"line":62,"column":12},"end":{"line":68,"column":13}},"44":{"start":{"line":63,"column":27},"end":{"line":64,"column":86}},"45":{"start":{"line":64,"column":34},"end":{"line":64,"column":85}},"46":{"start":{"line":65,"column":14},"end":{"line":67,"column":15}},"47":{"start":{"line":66,"column":16},"end":{"line":66,"column":45}},"48":{"start":{"line":69,"column":24},"end":{"line":75,"column":13}},"49":{"start":{"line":73,"column":38},"end":{"line":73,"column":52}},"50":{"start":{"line":76,"column":25},"end":{"line":76,"column":41}},"51":{"start":{"line":77,"column":12},"end":{"line":77,"column":35}},"52":{"start":{"line":79,"column":8},"end":{"line":79,"column":18}},"53":{"start":{"line":82,"column":2},"end":{"line":82,"column":14}},"54":{"start":{"line":85,"column":19},"end":{"line":90,"column":1}},"55":{"start":{"line":86,"column":2},"end":{"line":86,"column":40}},"56":{"start":{"line":87,"column":2},"end":{"line":89,"column":5}},"57":{"start":{"line":88,"column":4},"end":{"line":88,"column":29}}},"fnMap":{"0":{"name":"(anonymous_0)","decl":{"start":{"line":8,"column":18},"end":{"line":8,"column":19}},"loc":{"start":{"line":8,"column":81},"end":{"line":14,"column":1}},"line":8},"1":{"name":"(anonymous_1)","decl":{"start":{"line":16,"column":20},"end":{"line":16,"column":21}},"loc":{"start":{"line":16,"column":33},"end":{"line":40,"column":1}},"line":16},"2":{"name":"(anonymous_2)","decl":{"start":{"line":29,"column":35},"end":{"line":29,"column":36}},"loc":{"start":{"line":29,"column":41},"end":{"line":30,"column":3}},"line":29},"3":{"name":"(anonymous_3)","decl":{"start":{"line":41,"column":28},"end":{"line":41,"column":29}},"loc":{"start":{"line":41,"column":39},"end":{"line":43,"column":1}},"line":41},"4":{"name":"(anonymous_4)","decl":{"start":{"line":44,"column":23},"end":{"line":44,"column":24}},"loc":{"start":{"line":44,"column":29},"end":{"line":83,"column":1}},"line":44},"5":{"name":"(anonymous_5)","decl":{"start":{"line":48,"column":14},"end":{"line":48,"column":15}},"loc":{"start":{"line":48,"column":27},"end":{"line":50,"column":3}},"line":48},"6":{"name":"(anonymous_6)","decl":{"start":{"line":51,"column":10},"end":{"line":51,"column":11}},"loc":{"start":{"line":51,"column":16},"end":{"line":51,"column":33}},"line":51},"7":{"name":"(anonymous_7)","decl":{"start":{"line":52,"column":10},"end":{"line":52,"column":11}},"loc":{"start":{"line":52,"column":19},"end":{"line":55,"column":5}},"line":52},"8":{"name":"(anonymous_8)","decl":{"start":{"line":55,"column":12},"end":{"line":55,"column":13}},"loc":{"start":{"line":55,"column":21},"end":{"line":81,"column":5}},"line":55},"9":{"name":"(anonymous_9)","decl":{"start":{"line":57,"column":17},"end":{"line":57,"column":18}},"loc":{"start":{"line":57,"column":29},"end":{"line":80,"column":7}},"line":57},"10":{"name":"(anonymous_10)","decl":{"start":{"line":59,"column":16},"end":{"line":59,"column":17}},"loc":{"start":{"line":59,"column":25},"end":{"line":59,"column":35}},"line":59},"11":{"name":"(anonymous_11)","decl":{"start":{"line":60,"column":16},"end":{"line":60,"column":17}},"loc":{"start":{"line":60,"column":25},"end":{"line":78,"column":11}},"line":60},"12":{"name":"(anonymous_12)","decl":{"start":{"line":64,"column":24},"end":{"line":64,"column":25}},"loc":{"start":{"line":64,"column":34},"end":{"line":64,"column":85}},"line":64},"13":{"name":"(anonymous_13)","decl":{"start":{"line":73,"column":28},"end":{"line":73,"column":29}},"loc":{"start":{"line":73,"column":38},"end":{"line":73,"column":52}},"line":73},"14":{"name":"(anonymous_14)","decl":{"start":{"line":85,"column":19},"end":{"line":85,"column":20}},"loc":{"start":{"line":85,"column":25},"end":{"line":90,"column":1}},"line":85},"15":{"name":"(anonymous_15)","decl":{"start":{"line":87,"column":26},"end":{"line":87,"column":27}},"loc":{"start":{"line":87,"column":35},"end":{"line":89,"column":3}},"line":87}},"branchMap":{"0":{"loc":{"start":{"line":8,"column":28},"end":{"line":8,"column":46}},"type":"default-arg","locations":[{"start":{"line":8,"column":42},"end":{"line":8,"column":46}}],"line":8},"1":{"loc":{"start":{"line":8,"column":48},"end":{"line":8,"column":64}},"type":"default-arg","locations":[{"start":{"line":8,"column":60},"end":{"line":8,"column":64}}],"line":8},"2":{"loc":{"start":{"line":8,"column":66},"end":{"line":8,"column":76}},"type":"default-arg","locations":[{"start":{"line":8,"column":74},"end":{"line":8,"column":76}}],"line":8},"3":{"loc":{"start":{"line":62,"column":12},"end":{"line":68,"column":13}},"type":"if","locations":[{"start":{"line":62,"column":12},"end":{"line":68,"column":13}},{"start":{},"end":{}}],"line":62},"4":{"loc":{"start":{"line":65,"column":14},"end":{"line":67,"column":15}},"type":"if","locations":[{"start":{"line":65,"column":14},"end":{"line":67,"column":15}},{"start":{},"end":{}}],"line":65}},"s":{"0":1,"1":1,"2":0,"3":0,"4":0,"5":0,"6":0,"7":1,"8":0,"9":0,"10":0,"11":0,"12":0,"13":0,"14":0,"15":0,"16":0,"17":0,"18":0,"19":0,"20":0,"21":0,"22":0,"23":0,"24":0,"25":0,"26":0,"27":0,"28":1,"29":1,"30":1,"31":0,"32":0,"33":0,"34":0,"35":0,"36":0,"37":0,"38":0,"39":0,"40":0,"41":0,"42":0,"43":0,"44":0,"45":0,"46":0,"47":0,"48":0,"49":0,"50":0,"51":0,"52":0,"53":0,"54":1,"55":0,"56":0,"57":0},"f":{"0":0,"1":0,"2":0,"3":1,"4":0,"5":0,"6":0,"7":0,"8":0,"9":0,"10":0,"11":0,"12":0,"13":0,"14":0,"15":0},"b":{"0":[0],"1":[0],"2":[0],"3":[0,0],"4":[0,0]},"_coverageSchema":"1a1c01bbd47fc00a2c39e90264f33305004495a9","hash":"1584ed4282cadf858be50a192e0eb00e21015490"}
,"C:\\Users\\HP\\OneDrive\\ProjectSpace\\Capstone-Module-2\\src\\js\\modules\\views\\interactions-api.js": {"path":"C:\\Users\\HP\\OneDrive\\ProjectSpace\\Capstone-Module-2\\src\\js\\modules\\views\\interactions-api.js","statementMap":{"0":{"start":{"line":1,"column":16},"end":{"line":1,"column":85}},"1":{"start":{"line":2,"column":15},"end":{"line":2,"column":37}},"2":{"start":{"line":3,"column":25},"end":{"line":12,"column":1}},"3":{"start":{"line":4,"column":19},"end":{"line":10,"column":4}},"4":{"start":{"line":11,"column":2},"end":{"line":11,"column":18}},"5":{"start":{"line":14,"column":24},"end":{"line":18,"column":1}},"6":{"start":{"line":15,"column":19},"end":{"line":15,"column":65}},"7":{"start":{"line":16,"column":15},"end":{"line":16,"column":36}},"8":{"start":{"line":17,"column":2},"end":{"line":17,"column":14}}},"fnMap":{"0":{"name":"(anonymous_0)","decl":{"start":{"line":3,"column":25},"end":{"line":3,"column":26}},"loc":{"start":{"line":3,"column":39},"end":{"line":12,"column":1}},"line":3},"1":{"name":"(anonymous_1)","decl":{"start":{"line":14,"column":24},"end":{"line":14,"column":25}},"loc":{"start":{"line":14,"column":36},"end":{"line":18,"column":1}},"line":14}},"branchMap":{},"s":{"0":1,"1":1,"2":1,"3":0,"4":0,"5":1,"6":0,"7":0,"8":0},"f":{"0":0,"1":0},"b":{},"_coverageSchema":"1a1c01bbd47fc00a2c39e90264f33305004495a9","hash":"da1cec702995ab14285d276ffa319562fb74ed5b"}
,"C:\\Users\\HP\\OneDrive\\ProjectSpace\\Capstone-Module-2\\src\\js\\modules\\views\\interactions.js": {"path":"C:\\Users\\HP\\OneDrive\\ProjectSpace\\Capstone-Module-2\\src\\js\\modules\\views\\interactions.js","statementMap":{"0":{"start":{"line":3,"column":24},"end":{"line":7,"column":1}},"1":{"start":{"line":4,"column":30},"end":{"line":4,"column":68}},"2":{"start":{"line":5,"column":21},"end":{"line":5,"column":80}},"3":{"start":{"line":6,"column":2},"end":{"line":6,"column":92}},"4":{"start":{"line":9,"column":33},"end":{"line":15,"column":1}},"5":{"start":{"line":10,"column":17},"end":{"line":10,"column":71}},"6":{"start":{"line":11,"column":20},"end":{"line":11,"column":82}},"7":{"start":{"line":12,"column":2},"end":{"line":14,"column":5}},"8":{"start":{"line":13,"column":4},"end":{"line":13,"column":28}},"9":{"start":{"line":17,"column":31},"end":{"line":20,"column":1}},"10":{"start":{"line":18,"column":16},"end":{"line":18,"column":32}},"11":{"start":{"line":19,"column":2},"end":{"line":19,"column":15}}},"fnMap":{"0":{"name":"(anonymous_0)","decl":{"start":{"line":3,"column":24},"end":{"line":3,"column":25}},"loc":{"start":{"line":3,"column":42},"end":{"line":7,"column":1}},"line":3},"1":{"name":"(anonymous_1)","decl":{"start":{"line":9,"column":33},"end":{"line":9,"column":34}},"loc":{"start":{"line":9,"column":50},"end":{"line":15,"column":1}},"line":9},"2":{"name":"(anonymous_2)","decl":{"start":{"line":12,"column":28},"end":{"line":12,"column":29}},"loc":{"start":{"line":12,"column":34},"end":{"line":14,"column":3}},"line":12},"3":{"name":"(anonymous_3)","decl":{"start":{"line":17,"column":31},"end":{"line":17,"column":32}},"loc":{"start":{"line":17,"column":43},"end":{"line":20,"column":1}},"line":17}},"branchMap":{"0":{"loc":{"start":{"line":6,"column":34},"end":{"line":6,"column":91}},"type":"cond-expr","locations":[{"start":{"line":6,"column":55},"end":{"line":6,"column":63}},{"start":{"line":6,"column":66},"end":{"line":6,"column":91}}],"line":6}},"s":{"0":1,"1":0,"2":0,"3":0,"4":1,"5":0,"6":0,"7":0,"8":0,"9":1,"10":0,"11":0},"f":{"0":0,"1":0,"2":0,"3":0},"b":{"0":[0,0]},"_coverageSchema":"1a1c01bbd47fc00a2c39e90264f33305004495a9","hash":"032aeca54d7b18dded5ba6f627334ac4f2bdca2d"}
}
